13:33:03 DEBUG : Logs will be stored at 'C:/Users/91988/Documents/Amruth/Files/EAS/hls_accel/Vitis_2/IDE.log'.
13:33:06 INFO  : Launching XSCT server: xsct.bat -n  -interactive C:\Users\91988\Documents\Amruth\Files\EAS\hls_accel\Vitis_2\temp_xsdb_launch_script.tcl
13:33:06 INFO  : Platform repository initialization has completed.
13:33:06 INFO  : Registering command handlers for Vitis TCF services
13:33:10 INFO  : XSCT server has started successfully.
13:33:13 INFO  : Successfully done setting XSCT server connection channel  
13:33:13 INFO  : plnx-install-location is set to ''
13:33:13 INFO  : Successfully done query RDI_DATADIR 
13:33:13 INFO  : Successfully done setting workspace for the tool. 
13:35:39 INFO  : Result from executing command 'getProjects': encoder_board_zedtest
13:35:40 INFO  : Result from executing command 'getPlatforms': 
13:38:33 INFO  : Result from executing command 'getProjects': encoder_board_zedtest
13:38:33 INFO  : Result from executing command 'getPlatforms': encoder_board_zedtest|C:/Users/91988/Documents/Amruth/Files/EAS/hls_accel/Vitis_2/encoder_board_zedtest/export/encoder_board_zedtest/encoder_board_zedtest.xpfm
13:42:15 INFO  : Checking for BSP changes to sync application flags for project 'encoder_board_zedtest_app'...
13:43:46 INFO  : Connected to target on host '127.0.0.1' and port '3121'.
13:43:46 INFO  : Jtag cable 'Digilent Zed 210248470662' is selected.
13:43:46 INFO  : 'jtag frequency' command is executed.
13:43:46 INFO  : Context for 'APU' is selected.
13:43:47 INFO  : System reset is completed.
13:43:50 INFO  : 'after 3000' command is executed.
13:43:50 INFO  : 'targets -set -filter {jtag_cable_name =~ "Digilent Zed 210248470662" && level==0 && jtag_device_ctx=="jsn-Zed-210248470662-03727093-0"}' command is executed.
13:43:52 INFO  : Device configured successfully with "C:/Users/91988/Documents/Amruth/Files/EAS/hls_accel/Vitis_2/encoder_board_zedtest/export/encoder_board_zedtest/hw/encoder_system_wrapper.bit"
13:43:52 INFO  : Context for 'APU' is selected.
13:43:52 INFO  : Hardware design and registers information is loaded from 'C:/Users/91988/Documents/Amruth/Files/EAS/hls_accel/Vitis_2/encoder_board_zedtest/export/encoder_board_zedtest/hw/encoder_system_wrapper.xsa'.
13:43:52 INFO  : 'configparams force-mem-access 1' command is executed.
13:43:52 INFO  : Context for 'APU' is selected.
13:43:52 INFO  : Sourcing of 'C:/Users/91988/Documents/Amruth/Files/EAS/hls_accel/Vitis_2/encoder_board_zedtest_app/_ide/psinit/ps7_init.tcl' is done.
13:43:53 INFO  : 'ps7_init' command is executed.
13:43:53 INFO  : 'ps7_post_config' command is executed.
13:43:53 INFO  : Context for processor 'ps7_cortexa9_0' is selected.
13:43:53 INFO  : The application 'C:/Users/91988/Documents/Amruth/Files/EAS/hls_accel/Vitis_2/encoder_board_zedtest_app/Debug/encoder_board_zedtest_app.elf' is downloaded to processor 'ps7_cortexa9_0'.
13:43:53 INFO  : 'configparams force-mem-access 0' command is executed.
13:43:53 INFO  : ----------------XSDB Script----------------
connect -url tcp:127.0.0.1:3121
targets -set -nocase -filter {name =~"APU*"}
rst -system
after 3000
targets -set -filter {jtag_cable_name =~ "Digilent Zed 210248470662" && level==0 && jtag_device_ctx=="jsn-Zed-210248470662-03727093-0"}
fpga -file C:/Users/91988/Documents/Amruth/Files/EAS/hls_accel/Vitis_2/encoder_board_zedtest/export/encoder_board_zedtest/hw/encoder_system_wrapper.bit
targets -set -nocase -filter {name =~"APU*"}
loadhw -hw C:/Users/91988/Documents/Amruth/Files/EAS/hls_accel/Vitis_2/encoder_board_zedtest/export/encoder_board_zedtest/hw/encoder_system_wrapper.xsa -mem-ranges [list {0x40000000 0xbfffffff}] -regs
configparams force-mem-access 1
targets -set -nocase -filter {name =~"APU*"}
source C:/Users/91988/Documents/Amruth/Files/EAS/hls_accel/Vitis_2/encoder_board_zedtest_app/_ide/psinit/ps7_init.tcl
ps7_init
ps7_post_config
targets -set -nocase -filter {name =~ "*A9*#0"}
dow C:/Users/91988/Documents/Amruth/Files/EAS/hls_accel/Vitis_2/encoder_board_zedtest_app/Debug/encoder_board_zedtest_app.elf
configparams force-mem-access 0
----------------End of Script----------------

13:43:53 INFO  : Context for processor 'ps7_cortexa9_0' is selected.
13:43:53 INFO  : 'con' command is executed.
13:43:53 INFO  : ----------------XSDB Script (After Launch)----------------
targets -set -nocase -filter {name =~ "*A9*#0"}
con
----------------End of Script----------------

13:43:53 INFO  : Launch script is exported to file 'C:\Users\91988\Documents\Amruth\Files\EAS\hls_accel\Vitis_2\encoder_board_zedtest_app_system\_ide\scripts\systemdebugger_encoder_board_zedtest_app_system_standalone.tcl'
14:21:46 INFO  : Connected to target on host '127.0.0.1' and port '3121'.
14:21:50 INFO  : Connected to target on host '127.0.0.1' and port '3121'.
14:22:04 INFO  : Disconnected from the channel tcfchan#3.
14:22:04 INFO  : Connected to target on host '127.0.0.1' and port '3121'.
14:22:04 INFO  : Jtag cable 'Digilent Zed 210248470662' is selected.
14:22:04 INFO  : 'jtag frequency' command is executed.
14:22:04 INFO  : Context for 'APU' is selected.
14:22:04 INFO  : System reset is completed.
14:22:07 INFO  : 'after 3000' command is executed.
14:22:07 INFO  : 'targets -set -filter {jtag_cable_name =~ "Digilent Zed 210248470662" && level==0 && jtag_device_ctx=="jsn-Zed-210248470662-03727093-0"}' command is executed.
14:22:09 INFO  : Device configured successfully with "C:/Users/91988/Documents/Amruth/Files/EAS/hls_accel/Vitis_2/encoder_board_zedtest/export/encoder_board_zedtest/hw/encoder_system_wrapper.bit"
14:22:09 INFO  : Context for 'APU' is selected.
14:22:09 INFO  : Hardware design and registers information is loaded from 'C:/Users/91988/Documents/Amruth/Files/EAS/hls_accel/Vitis_2/encoder_board_zedtest/export/encoder_board_zedtest/hw/encoder_system_wrapper.xsa'.
14:22:09 INFO  : 'configparams force-mem-access 1' command is executed.
14:22:09 INFO  : Context for 'APU' is selected.
14:22:09 INFO  : Sourcing of 'C:/Users/91988/Documents/Amruth/Files/EAS/hls_accel/Vitis_2/encoder_board_zedtest_app/_ide/psinit/ps7_init.tcl' is done.
14:22:10 INFO  : 'ps7_init' command is executed.
14:22:10 INFO  : 'ps7_post_config' command is executed.
14:22:10 INFO  : Context for processor 'ps7_cortexa9_0' is selected.
14:22:10 INFO  : The application 'C:/Users/91988/Documents/Amruth/Files/EAS/hls_accel/Vitis_2/encoder_board_zedtest_app/Debug/encoder_board_zedtest_app.elf' is downloaded to processor 'ps7_cortexa9_0'.
14:22:10 INFO  : 'configparams force-mem-access 0' command is executed.
14:22:10 INFO  : ----------------XSDB Script----------------
connect -url tcp:127.0.0.1:3121
targets -set -nocase -filter {name =~"APU*" && jtag_cable_name =~ "Digilent Zed 210248470662" && jtag_device_ctx=="jsn-Zed-210248470662-4ba00477-0"}
rst -system
after 3000
targets -set -filter {jtag_cable_name =~ "Digilent Zed 210248470662" && level==0 && jtag_device_ctx=="jsn-Zed-210248470662-03727093-0"}
fpga -file C:/Users/91988/Documents/Amruth/Files/EAS/hls_accel/Vitis_2/encoder_board_zedtest/export/encoder_board_zedtest/hw/encoder_system_wrapper.bit
targets -set -nocase -filter {name =~"APU*" && jtag_cable_name =~ "Digilent Zed 210248470662" && jtag_device_ctx=="jsn-Zed-210248470662-4ba00477-0"}
loadhw -hw C:/Users/91988/Documents/Amruth/Files/EAS/hls_accel/Vitis_2/encoder_board_zedtest/export/encoder_board_zedtest/hw/encoder_system_wrapper.xsa -mem-ranges [list {0x40000000 0xbfffffff}] -regs
configparams force-mem-access 1
targets -set -nocase -filter {name =~"APU*" && jtag_cable_name =~ "Digilent Zed 210248470662" && jtag_device_ctx=="jsn-Zed-210248470662-4ba00477-0"}
source C:/Users/91988/Documents/Amruth/Files/EAS/hls_accel/Vitis_2/encoder_board_zedtest_app/_ide/psinit/ps7_init.tcl
ps7_init
ps7_post_config
targets -set -nocase -filter {name =~ "*A9*#0" && jtag_cable_name =~ "Digilent Zed 210248470662" && jtag_device_ctx=="jsn-Zed-210248470662-4ba00477-0"}
dow C:/Users/91988/Documents/Amruth/Files/EAS/hls_accel/Vitis_2/encoder_board_zedtest_app/Debug/encoder_board_zedtest_app.elf
configparams force-mem-access 0
----------------End of Script----------------

14:22:10 INFO  : Context for processor 'ps7_cortexa9_0' is selected.
14:22:10 INFO  : 'con' command is executed.
14:22:10 INFO  : ----------------XSDB Script (After Launch)----------------
targets -set -nocase -filter {name =~ "*A9*#0" && jtag_cable_name =~ "Digilent Zed 210248470662" && jtag_device_ctx=="jsn-Zed-210248470662-4ba00477-0"}
con
----------------End of Script----------------

14:22:10 INFO  : Launch script is exported to file 'C:\Users\91988\Documents\Amruth\Files\EAS\hls_accel\Vitis_2\encoder_board_zedtest_app_system\_ide\scripts\systemdebugger_encoder_board_zedtest_app_system_standalone.tcl'
14:32:58 INFO  : Disconnected from the channel tcfchan#4.
07:31:30 DEBUG : Logs will be stored at 'C:/Users/91988/Documents/Amruth/Files/EAS/hls_accel/Vitis_2/IDE.log'.
07:31:32 INFO  : Launching XSCT server: xsct.bat -n  -interactive C:\Users\91988\Documents\Amruth\Files\EAS\hls_accel\Vitis_2\temp_xsdb_launch_script.tcl
07:31:37 INFO  : XSCT server has started successfully.
07:31:37 INFO  : plnx-install-location is set to ''
07:31:37 INFO  : Successfully done setting XSCT server connection channel  
07:31:37 INFO  : Successfully done setting workspace for the tool. 
07:31:37 INFO  : Platform repository initialization has completed.
07:31:38 INFO  : Registering command handlers for Vitis TCF services
07:31:43 INFO  : Successfully done query RDI_DATADIR 
07:32:43 INFO  : Connected to target on host '127.0.0.1' and port '3121'.
07:32:49 INFO  : Connected to target on host '127.0.0.1' and port '3121'.
07:33:12 INFO  : Connected to target on host '127.0.0.1' and port '3121'.
07:33:45 DEBUG : Logs will be stored at 'C:/Users/91988/Documents/Amruth/Files/EAS/hls_accel/Vitis_2/IDE.log'.
07:33:46 INFO  : Launching XSCT server: xsct.bat -n  -interactive C:\Users\91988\Documents\Amruth\Files\EAS\hls_accel\Vitis_2\temp_xsdb_launch_script.tcl
07:33:49 INFO  : XSCT server has started successfully.
07:33:49 INFO  : Successfully done setting XSCT server connection channel  
07:33:49 INFO  : plnx-install-location is set to ''
07:33:49 INFO  : Successfully done setting workspace for the tool. 
07:33:51 INFO  : Platform repository initialization has completed.
07:33:51 INFO  : Successfully done query RDI_DATADIR 
07:33:52 INFO  : Registering command handlers for Vitis TCF services
07:34:10 INFO  : Connected to target on host '127.0.0.1' and port '3121'.
07:34:24 INFO  : Connected to target on host '127.0.0.1' and port '3121'.
07:36:00 INFO  : Connected to target on host '127.0.0.1' and port '3121'.
07:36:00 INFO  : Jtag cable 'Digilent Zed 210248470662' is selected.
07:36:00 INFO  : 'jtag frequency' command is executed.
07:36:00 INFO  : Context for 'APU' is selected.
07:36:00 INFO  : System reset is completed.
07:36:03 INFO  : 'after 3000' command is executed.
07:36:03 INFO  : 'targets -set -filter {jtag_cable_name =~ "Digilent Zed 210248470662" && level==0 && jtag_device_ctx=="jsn-Zed-210248470662-03727093-0"}' command is executed.
07:36:06 INFO  : Device configured successfully with "C:/Users/91988/Documents/Amruth/Files/EAS/hls_accel/encoder_board_zedtest/encoder_board_zedtest.bit"
07:36:06 INFO  : Context for 'APU' is selected.
07:36:06 INFO  : Hardware design and registers information is loaded from 'C:/Users/91988/Documents/Amruth/Files/EAS/hls_accel/Vitis_2/encoder_board_zedtest/export/encoder_board_zedtest/hw/encoder_system_wrapper.xsa'.
07:36:06 INFO  : 'configparams force-mem-access 1' command is executed.
07:36:06 INFO  : Context for 'APU' is selected.
07:36:06 INFO  : Sourcing of 'C:/Users/91988/Documents/Amruth/Files/EAS/hls_accel/Vitis_2/encoder_board_zedtest_app/_ide/psinit/ps7_init.tcl' is done.
07:36:06 INFO  : 'ps7_init' command is executed.
07:36:06 INFO  : 'ps7_post_config' command is executed.
07:36:06 INFO  : Context for processor 'ps7_cortexa9_0' is selected.
07:36:06 INFO  : The application 'C:/Users/91988/Documents/Amruth/Files/EAS/hls_accel/Vitis_2/encoder_board_zedtest_app/Debug/encoder_board_zedtest_app.elf' is downloaded to processor 'ps7_cortexa9_0'.
07:36:07 INFO  : 'configparams force-mem-access 0' command is executed.
07:36:07 INFO  : ----------------XSDB Script----------------
connect -url tcp:127.0.0.1:3121
targets -set -nocase -filter {name =~"APU*"}
rst -system
after 3000
targets -set -filter {jtag_cable_name =~ "Digilent Zed 210248470662" && level==0 && jtag_device_ctx=="jsn-Zed-210248470662-03727093-0"}
fpga -file C:/Users/91988/Documents/Amruth/Files/EAS/hls_accel/encoder_board_zedtest/encoder_board_zedtest.bit
targets -set -nocase -filter {name =~"APU*"}
loadhw -hw C:/Users/91988/Documents/Amruth/Files/EAS/hls_accel/Vitis_2/encoder_board_zedtest/export/encoder_board_zedtest/hw/encoder_system_wrapper.xsa -mem-ranges [list {0x40000000 0xbfffffff}] -regs
configparams force-mem-access 1
targets -set -nocase -filter {name =~"APU*"}
source C:/Users/91988/Documents/Amruth/Files/EAS/hls_accel/Vitis_2/encoder_board_zedtest_app/_ide/psinit/ps7_init.tcl
ps7_init
ps7_post_config
targets -set -nocase -filter {name =~ "*A9*#0"}
dow C:/Users/91988/Documents/Amruth/Files/EAS/hls_accel/Vitis_2/encoder_board_zedtest_app/Debug/encoder_board_zedtest_app.elf
configparams force-mem-access 0
----------------End of Script----------------

07:36:07 INFO  : Context for processor 'ps7_cortexa9_0' is selected.
07:36:07 INFO  : 'con' command is executed.
07:36:07 INFO  : ----------------XSDB Script (After Launch)----------------
targets -set -nocase -filter {name =~ "*A9*#0"}
con
----------------End of Script----------------

07:36:07 INFO  : Launch script is exported to file 'C:\Users\91988\Documents\Amruth\Files\EAS\hls_accel\Vitis_2\encoder_board_zedtest_app_system\_ide\scripts\systemdebugger_encoder_board_zedtest_app_system_standalone.tcl'
08:10:37 INFO  : Result from executing command 'getProjects': encoder_board_zedtest
08:10:37 INFO  : Result from executing command 'getPlatforms': encoder_board_zedtest|C:/Users/91988/Documents/Amruth/Files/EAS/hls_accel/Vitis_2/encoder_board_zedtest/export/encoder_board_zedtest/encoder_board_zedtest.xpfm
08:10:37 INFO  : Checking for BSP changes to sync application flags for project 'encoder_board_zedtest_app'...
08:10:54 INFO  : Disconnected from the channel tcfchan#1.
08:10:54 INFO  : Connected to target on host '127.0.0.1' and port '3121'.
08:10:54 INFO  : Jtag cable 'Digilent Zed 210248470662' is selected.
08:10:54 INFO  : 'jtag frequency' command is executed.
08:10:54 INFO  : Context for 'APU' is selected.
08:10:54 INFO  : System reset is completed.
08:10:57 INFO  : 'after 3000' command is executed.
08:10:57 INFO  : 'targets -set -filter {jtag_cable_name =~ "Digilent Zed 210248470662" && level==0 && jtag_device_ctx=="jsn-Zed-210248470662-03727093-0"}' command is executed.
08:10:59 INFO  : Device configured successfully with "C:/Users/91988/Documents/Amruth/Files/EAS/hls_accel/encoder_board_zedtest/encoder_board_zedtest.bit"
08:10:59 INFO  : Context for 'APU' is selected.
08:11:02 INFO  : Hardware design and registers information is loaded from 'C:/Users/91988/Documents/Amruth/Files/EAS/hls_accel/Vitis_2/encoder_board_zedtest/export/encoder_board_zedtest/hw/encoder_system_wrapper.xsa'.
08:11:02 INFO  : 'configparams force-mem-access 1' command is executed.
08:11:02 INFO  : Context for 'APU' is selected.
08:11:02 INFO  : Sourcing of 'C:/Users/91988/Documents/Amruth/Files/EAS/hls_accel/Vitis_2/encoder_board_zedtest_app/_ide/psinit/ps7_init.tcl' is done.
08:11:02 INFO  : 'ps7_init' command is executed.
08:11:02 INFO  : 'ps7_post_config' command is executed.
08:11:02 INFO  : Context for processor 'ps7_cortexa9_0' is selected.
08:11:02 INFO  : The application 'C:/Users/91988/Documents/Amruth/Files/EAS/hls_accel/Vitis_2/encoder_board_zedtest_app/Debug/encoder_board_zedtest_app.elf' is downloaded to processor 'ps7_cortexa9_0'.
08:11:02 INFO  : 'configparams force-mem-access 0' command is executed.
08:11:02 INFO  : ----------------XSDB Script----------------
connect -url tcp:127.0.0.1:3121
targets -set -nocase -filter {name =~"APU*"}
rst -system
after 3000
targets -set -filter {jtag_cable_name =~ "Digilent Zed 210248470662" && level==0 && jtag_device_ctx=="jsn-Zed-210248470662-03727093-0"}
fpga -file C:/Users/91988/Documents/Amruth/Files/EAS/hls_accel/encoder_board_zedtest/encoder_board_zedtest.bit
targets -set -nocase -filter {name =~"APU*"}
loadhw -hw C:/Users/91988/Documents/Amruth/Files/EAS/hls_accel/Vitis_2/encoder_board_zedtest/export/encoder_board_zedtest/hw/encoder_system_wrapper.xsa -mem-ranges [list {0x40000000 0xbfffffff}] -regs
configparams force-mem-access 1
targets -set -nocase -filter {name =~"APU*"}
source C:/Users/91988/Documents/Amruth/Files/EAS/hls_accel/Vitis_2/encoder_board_zedtest_app/_ide/psinit/ps7_init.tcl
ps7_init
ps7_post_config
targets -set -nocase -filter {name =~ "*A9*#0"}
dow C:/Users/91988/Documents/Amruth/Files/EAS/hls_accel/Vitis_2/encoder_board_zedtest_app/Debug/encoder_board_zedtest_app.elf
configparams force-mem-access 0
----------------End of Script----------------

08:11:03 INFO  : Context for processor 'ps7_cortexa9_0' is selected.
08:11:03 INFO  : 'con' command is executed.
08:11:03 INFO  : ----------------XSDB Script (After Launch)----------------
targets -set -nocase -filter {name =~ "*A9*#0"}
con
----------------End of Script----------------

08:11:03 INFO  : Launch script is exported to file 'C:\Users\91988\Documents\Amruth\Files\EAS\hls_accel\Vitis_2\encoder_board_zedtest_app_system\_ide\scripts\systemdebugger_encoder_board_zedtest_app_system_standalone.tcl'
08:12:17 INFO  : Checking for BSP changes to sync application flags for project 'encoder_board_zedtest_app'...
08:12:26 INFO  : Disconnected from the channel tcfchan#3.
08:12:27 INFO  : Connected to target on host '127.0.0.1' and port '3121'.
08:12:27 INFO  : Jtag cable 'Digilent Zed 210248470662' is selected.
08:12:27 INFO  : 'jtag frequency' command is executed.
08:12:27 INFO  : Context for 'APU' is selected.
08:12:27 INFO  : System reset is completed.
08:12:30 INFO  : 'after 3000' command is executed.
08:12:30 INFO  : 'targets -set -filter {jtag_cable_name =~ "Digilent Zed 210248470662" && level==0 && jtag_device_ctx=="jsn-Zed-210248470662-03727093-0"}' command is executed.
08:12:32 INFO  : Device configured successfully with "C:/Users/91988/Documents/Amruth/Files/EAS/hls_accel/encoder_board_zedtest/encoder_board_zedtest.bit"
08:12:32 INFO  : Context for 'APU' is selected.
08:12:32 INFO  : Hardware design and registers information is loaded from 'C:/Users/91988/Documents/Amruth/Files/EAS/hls_accel/Vitis_2/encoder_board_zedtest/export/encoder_board_zedtest/hw/encoder_system_wrapper.xsa'.
08:12:32 INFO  : 'configparams force-mem-access 1' command is executed.
08:12:32 INFO  : Context for 'APU' is selected.
08:12:32 INFO  : Sourcing of 'C:/Users/91988/Documents/Amruth/Files/EAS/hls_accel/Vitis_2/encoder_board_zedtest_app/_ide/psinit/ps7_init.tcl' is done.
08:12:33 INFO  : 'ps7_init' command is executed.
08:12:33 INFO  : 'ps7_post_config' command is executed.
08:12:33 INFO  : Context for processor 'ps7_cortexa9_0' is selected.
08:12:33 INFO  : The application 'C:/Users/91988/Documents/Amruth/Files/EAS/hls_accel/Vitis_2/encoder_board_zedtest_app/Debug/encoder_board_zedtest_app.elf' is downloaded to processor 'ps7_cortexa9_0'.
08:12:33 INFO  : 'configparams force-mem-access 0' command is executed.
08:12:33 INFO  : ----------------XSDB Script----------------
connect -url tcp:127.0.0.1:3121
targets -set -nocase -filter {name =~"APU*"}
rst -system
after 3000
targets -set -filter {jtag_cable_name =~ "Digilent Zed 210248470662" && level==0 && jtag_device_ctx=="jsn-Zed-210248470662-03727093-0"}
fpga -file C:/Users/91988/Documents/Amruth/Files/EAS/hls_accel/encoder_board_zedtest/encoder_board_zedtest.bit
targets -set -nocase -filter {name =~"APU*"}
loadhw -hw C:/Users/91988/Documents/Amruth/Files/EAS/hls_accel/Vitis_2/encoder_board_zedtest/export/encoder_board_zedtest/hw/encoder_system_wrapper.xsa -mem-ranges [list {0x40000000 0xbfffffff}] -regs
configparams force-mem-access 1
targets -set -nocase -filter {name =~"APU*"}
source C:/Users/91988/Documents/Amruth/Files/EAS/hls_accel/Vitis_2/encoder_board_zedtest_app/_ide/psinit/ps7_init.tcl
ps7_init
ps7_post_config
targets -set -nocase -filter {name =~ "*A9*#0"}
dow C:/Users/91988/Documents/Amruth/Files/EAS/hls_accel/Vitis_2/encoder_board_zedtest_app/Debug/encoder_board_zedtest_app.elf
configparams force-mem-access 0
----------------End of Script----------------

08:12:33 INFO  : Context for processor 'ps7_cortexa9_0' is selected.
08:12:33 INFO  : 'con' command is executed.
08:12:33 INFO  : ----------------XSDB Script (After Launch)----------------
targets -set -nocase -filter {name =~ "*A9*#0"}
con
----------------End of Script----------------

08:12:33 INFO  : Launch script is exported to file 'C:\Users\91988\Documents\Amruth\Files\EAS\hls_accel\Vitis_2\encoder_board_zedtest_app_system\_ide\scripts\systemdebugger_encoder_board_zedtest_app_system_standalone.tcl'
08:27:43 INFO  : Connected to target on host '127.0.0.1' and port '3121'.
08:28:12 INFO  : Connected to target on host '127.0.0.1' and port '3121'.
08:28:40 INFO  : Connected to target on host '127.0.0.1' and port '3121'.
08:28:53 INFO  : Connected to target on host '127.0.0.1' and port '3121'.
08:29:03 INFO  : Disconnected from the channel tcfchan#4.
08:29:03 INFO  : Connected to target on host '127.0.0.1' and port '3121'.
08:29:03 INFO  : Jtag cable 'Digilent Zed 210248470799' is selected.
08:29:03 INFO  : 'jtag frequency' command is executed.
08:29:03 INFO  : Context for 'APU' is selected.
08:29:03 INFO  : System reset is completed.
08:29:06 INFO  : 'after 3000' command is executed.
08:29:07 INFO  : 'targets -set -filter {jtag_cable_name =~ "Digilent Zed 210248470799" && level==0 && jtag_device_ctx=="jsn-Zed-210248470799-03727093-0"}' command is executed.
08:29:09 INFO  : Device configured successfully with "C:/Users/91988/Documents/Amruth/Files/EAS/hls_accel/encoder_board_zedtest/encoder_board_zedtest.bit"
08:29:09 INFO  : Context for 'APU' is selected.
08:29:09 INFO  : Hardware design and registers information is loaded from 'C:/Users/91988/Documents/Amruth/Files/EAS/hls_accel/Vitis_2/encoder_board_zedtest/export/encoder_board_zedtest/hw/encoder_system_wrapper.xsa'.
08:29:09 INFO  : 'configparams force-mem-access 1' command is executed.
08:29:09 INFO  : Context for 'APU' is selected.
08:29:09 INFO  : Sourcing of 'C:/Users/91988/Documents/Amruth/Files/EAS/hls_accel/Vitis_2/encoder_board_zedtest_app/_ide/psinit/ps7_init.tcl' is done.
08:29:09 INFO  : 'ps7_init' command is executed.
08:29:09 INFO  : 'ps7_post_config' command is executed.
08:29:09 INFO  : Context for processor 'ps7_cortexa9_0' is selected.
08:29:10 INFO  : The application 'C:/Users/91988/Documents/Amruth/Files/EAS/hls_accel/Vitis_2/encoder_board_zedtest_app/Debug/encoder_board_zedtest_app.elf' is downloaded to processor 'ps7_cortexa9_0'.
08:29:10 INFO  : 'configparams force-mem-access 0' command is executed.
08:29:10 INFO  : ----------------XSDB Script----------------
connect -url tcp:127.0.0.1:3121
targets -set -nocase -filter {name =~"APU*" && jtag_cable_name =~ "Digilent Zed 210248470799" && jtag_device_ctx=="jsn-Zed-210248470799-4ba00477-0"}
rst -system
after 3000
targets -set -filter {jtag_cable_name =~ "Digilent Zed 210248470799" && level==0 && jtag_device_ctx=="jsn-Zed-210248470799-03727093-0"}
fpga -file C:/Users/91988/Documents/Amruth/Files/EAS/hls_accel/encoder_board_zedtest/encoder_board_zedtest.bit
targets -set -nocase -filter {name =~"APU*" && jtag_cable_name =~ "Digilent Zed 210248470799" && jtag_device_ctx=="jsn-Zed-210248470799-4ba00477-0"}
loadhw -hw C:/Users/91988/Documents/Amruth/Files/EAS/hls_accel/Vitis_2/encoder_board_zedtest/export/encoder_board_zedtest/hw/encoder_system_wrapper.xsa -mem-ranges [list {0x40000000 0xbfffffff}] -regs
configparams force-mem-access 1
targets -set -nocase -filter {name =~"APU*" && jtag_cable_name =~ "Digilent Zed 210248470799" && jtag_device_ctx=="jsn-Zed-210248470799-4ba00477-0"}
source C:/Users/91988/Documents/Amruth/Files/EAS/hls_accel/Vitis_2/encoder_board_zedtest_app/_ide/psinit/ps7_init.tcl
ps7_init
ps7_post_config
targets -set -nocase -filter {name =~ "*A9*#0" && jtag_cable_name =~ "Digilent Zed 210248470799" && jtag_device_ctx=="jsn-Zed-210248470799-4ba00477-0"}
dow C:/Users/91988/Documents/Amruth/Files/EAS/hls_accel/Vitis_2/encoder_board_zedtest_app/Debug/encoder_board_zedtest_app.elf
configparams force-mem-access 0
----------------End of Script----------------

08:29:10 INFO  : Context for processor 'ps7_cortexa9_0' is selected.
08:29:10 INFO  : 'con' command is executed.
08:29:10 INFO  : ----------------XSDB Script (After Launch)----------------
targets -set -nocase -filter {name =~ "*A9*#0" && jtag_cable_name =~ "Digilent Zed 210248470799" && jtag_device_ctx=="jsn-Zed-210248470799-4ba00477-0"}
con
----------------End of Script----------------

08:29:10 INFO  : Launch script is exported to file 'C:\Users\91988\Documents\Amruth\Files\EAS\hls_accel\Vitis_2\encoder_board_zedtest_app_system\_ide\scripts\systemdebugger_encoder_board_zedtest_app_system_standalone.tcl'
08:29:25 INFO  : Connected to target on host '127.0.0.1' and port '3121'.
08:29:31 INFO  : Connected to target on host '127.0.0.1' and port '3121'.
08:29:37 INFO  : Disconnected from the channel tcfchan#5.
08:29:37 INFO  : Connected to target on host '127.0.0.1' and port '3121'.
08:29:37 INFO  : Jtag cable 'Digilent Zed 210248470662' is selected.
08:29:37 INFO  : 'jtag frequency' command is executed.
08:29:37 INFO  : Context for 'APU' is selected.
08:29:37 INFO  : System reset is completed.
08:29:40 INFO  : 'after 3000' command is executed.
08:29:40 ERROR : Specified device 'Digilent Zed 210248470662/8-xc7z020' is not found on the board
08:29:40 ERROR : Exception occured while running Program Device.
java.lang.RuntimeException: Specified device 'Digilent Zed 210248470662/8-xc7z020' is not found on the board
08:29:40 INFO  : ----------------XSDB Script----------------
connect -url tcp:127.0.0.1:3121
targets -set -nocase -filter {name =~"APU*" && jtag_cable_name =~ "Digilent Zed 210248470662" && jtag_device_ctx=="jsn-Zed-210248470662-4ba00477-0"}
rst -system
after 3000
----------------End of Script----------------

08:29:40 ERROR : Specified device 'Digilent Zed 210248470662/8-xc7z020' is not found on the board
08:31:17 INFO  : Connected to target on host '127.0.0.1' and port '3121'.
08:31:35 INFO  : Connected to target on host '127.0.0.1' and port '3121'.
08:31:40 INFO  : Connected to target on host '127.0.0.1' and port '3121'.
08:32:31 INFO  : Connected to target on host '127.0.0.1' and port '3121'.
08:32:37 INFO  : Connected to target on host '127.0.0.1' and port '3121'.
08:32:51 INFO  : Connected to target on host '127.0.0.1' and port '3121'.
08:32:52 INFO  : Jtag cable 'Digilent Zed 210248470662' is selected.
08:32:52 INFO  : 'jtag frequency' command is executed.
08:32:52 INFO  : Context for 'APU' is selected.
08:32:52 INFO  : System reset is completed.
08:32:55 INFO  : 'after 3000' command is executed.
08:32:55 INFO  : 'targets -set -filter {jtag_cable_name =~ "Digilent Zed 210248470662" && level==0 && jtag_device_ctx=="jsn-Zed-210248470662-03727093-0"}' command is executed.
08:32:57 INFO  : Device configured successfully with "C:/Users/91988/Documents/Amruth/Files/EAS/hls_accel/encoder_board_zedtest/encoder_board_zedtest.bit"
08:32:57 INFO  : Context for 'APU' is selected.
08:32:57 INFO  : Hardware design and registers information is loaded from 'C:/Users/91988/Documents/Amruth/Files/EAS/hls_accel/Vitis_2/encoder_board_zedtest/export/encoder_board_zedtest/hw/encoder_system_wrapper.xsa'.
08:32:57 INFO  : 'configparams force-mem-access 1' command is executed.
08:32:57 INFO  : Context for 'APU' is selected.
08:32:57 INFO  : Sourcing of 'C:/Users/91988/Documents/Amruth/Files/EAS/hls_accel/Vitis_2/encoder_board_zedtest_app/_ide/psinit/ps7_init.tcl' is done.
08:32:58 INFO  : 'ps7_init' command is executed.
08:32:58 INFO  : 'ps7_post_config' command is executed.
08:32:58 INFO  : Context for processor 'ps7_cortexa9_0' is selected.
08:32:58 INFO  : The application 'C:/Users/91988/Documents/Amruth/Files/EAS/hls_accel/Vitis_2/encoder_board_zedtest_app/Debug/encoder_board_zedtest_app.elf' is downloaded to processor 'ps7_cortexa9_0'.
08:32:58 INFO  : 'configparams force-mem-access 0' command is executed.
08:32:58 INFO  : ----------------XSDB Script----------------
connect -url tcp:127.0.0.1:3121
targets -set -nocase -filter {name =~"APU*"}
rst -system
after 3000
targets -set -filter {jtag_cable_name =~ "Digilent Zed 210248470662" && level==0 && jtag_device_ctx=="jsn-Zed-210248470662-03727093-0"}
fpga -file C:/Users/91988/Documents/Amruth/Files/EAS/hls_accel/encoder_board_zedtest/encoder_board_zedtest.bit
targets -set -nocase -filter {name =~"APU*"}
loadhw -hw C:/Users/91988/Documents/Amruth/Files/EAS/hls_accel/Vitis_2/encoder_board_zedtest/export/encoder_board_zedtest/hw/encoder_system_wrapper.xsa -mem-ranges [list {0x40000000 0xbfffffff}] -regs
configparams force-mem-access 1
targets -set -nocase -filter {name =~"APU*"}
source C:/Users/91988/Documents/Amruth/Files/EAS/hls_accel/Vitis_2/encoder_board_zedtest_app/_ide/psinit/ps7_init.tcl
ps7_init
ps7_post_config
targets -set -nocase -filter {name =~ "*A9*#0"}
dow C:/Users/91988/Documents/Amruth/Files/EAS/hls_accel/Vitis_2/encoder_board_zedtest_app/Debug/encoder_board_zedtest_app.elf
configparams force-mem-access 0
----------------End of Script----------------

08:32:58 INFO  : Context for processor 'ps7_cortexa9_0' is selected.
08:32:58 INFO  : 'con' command is executed.
08:32:58 INFO  : ----------------XSDB Script (After Launch)----------------
targets -set -nocase -filter {name =~ "*A9*#0"}
con
----------------End of Script----------------

08:32:58 INFO  : Launch script is exported to file 'C:\Users\91988\Documents\Amruth\Files\EAS\hls_accel\Vitis_2\encoder_board_zedtest_app_system\_ide\scripts\systemdebugger_encoder_board_zedtest_app_system_standalone.tcl'
09:01:00 INFO  : Connected to target on host '127.0.0.1' and port '3121'.
09:01:09 INFO  : Connected to target on host '127.0.0.1' and port '3121'.
09:01:18 INFO  : Disconnected from the channel tcfchan#6.
09:01:19 INFO  : Connected to target on host '127.0.0.1' and port '3121'.
09:01:19 INFO  : Jtag cable 'Digilent Zed 210248470662' is selected.
09:01:19 INFO  : 'jtag frequency' command is executed.
09:01:19 INFO  : Context for 'APU' is selected.
09:01:19 INFO  : System reset is completed.
09:01:22 INFO  : 'after 3000' command is executed.
09:01:22 ERROR : Specified device 'Digilent Zed 210248470662/6-xc7z020' is not found on the board
09:01:22 ERROR : Exception occured while running Program Device.
java.lang.RuntimeException: Specified device 'Digilent Zed 210248470662/6-xc7z020' is not found on the board
09:01:22 INFO  : ----------------XSDB Script----------------
connect -url tcp:127.0.0.1:3121
targets -set -nocase -filter {name =~"APU*" && jtag_cable_name =~ "Digilent Zed 210248470662" && jtag_device_ctx=="jsn-Zed-210248470662-4ba00477-0"}
rst -system
after 3000
----------------End of Script----------------

09:01:22 ERROR : Specified device 'Digilent Zed 210248470662/6-xc7z020' is not found on the board
09:02:52 INFO  : Connected to target on host '127.0.0.1' and port '3121'.
09:02:53 INFO  : Jtag cable 'Digilent Zed 210248470662' is selected.
09:02:53 INFO  : 'jtag frequency' command is executed.
09:02:53 INFO  : Context for 'APU' is selected.
09:02:53 INFO  : System reset is completed.
09:02:56 INFO  : 'after 3000' command is executed.
09:02:56 ERROR : Specified device 'Digilent Zed 210248470662/6-xc7z020' is not found on the board
09:02:56 ERROR : Exception occured while running Program Device.
java.lang.RuntimeException: Specified device 'Digilent Zed 210248470662/6-xc7z020' is not found on the board
09:02:56 INFO  : ----------------XSDB Script----------------
connect -url tcp:127.0.0.1:3121
targets -set -nocase -filter {name =~"APU*" && jtag_cable_name =~ "Digilent Zed 210248470662" && jtag_device_ctx=="jsn-Zed-210248470662-4ba00477-0"}
rst -system
after 3000
----------------End of Script----------------

09:02:56 ERROR : Specified device 'Digilent Zed 210248470662/6-xc7z020' is not found on the board
09:03:36 INFO  : Connected to target on host '127.0.0.1' and port '3121'.
09:03:41 INFO  : Connected to target on host '127.0.0.1' and port '3121'.
09:03:46 INFO  : Connected to target on host '127.0.0.1' and port '3121'.
09:03:46 INFO  : Jtag cable 'Digilent Zed 210248470662' is selected.
09:03:46 INFO  : 'jtag frequency' command is executed.
09:03:46 INFO  : Context for 'APU' is selected.
09:03:46 INFO  : System reset is completed.
09:03:49 INFO  : 'after 3000' command is executed.
09:03:49 INFO  : 'targets -set -filter {jtag_cable_name =~ "Digilent Zed 210248470662" && level==0 && jtag_device_ctx=="jsn-Zed-210248470662-03727093-0"}' command is executed.
09:03:52 INFO  : Device configured successfully with "C:/Users/91988/Documents/Amruth/Files/EAS/hls_accel/encoder_board_zedtest/encoder_board_zedtest.bit"
09:03:52 INFO  : Context for 'APU' is selected.
09:03:52 INFO  : Hardware design and registers information is loaded from 'C:/Users/91988/Documents/Amruth/Files/EAS/hls_accel/Vitis_2/encoder_board_zedtest/export/encoder_board_zedtest/hw/encoder_system_wrapper.xsa'.
09:03:52 INFO  : 'configparams force-mem-access 1' command is executed.
09:03:52 INFO  : Context for 'APU' is selected.
09:03:52 INFO  : Sourcing of 'C:/Users/91988/Documents/Amruth/Files/EAS/hls_accel/Vitis_2/encoder_board_zedtest_app/_ide/psinit/ps7_init.tcl' is done.
09:03:52 INFO  : 'ps7_init' command is executed.
09:03:52 INFO  : 'ps7_post_config' command is executed.
09:03:52 INFO  : Context for processor 'ps7_cortexa9_0' is selected.
09:03:52 INFO  : The application 'C:/Users/91988/Documents/Amruth/Files/EAS/hls_accel/Vitis_2/encoder_board_zedtest_app/Debug/encoder_board_zedtest_app.elf' is downloaded to processor 'ps7_cortexa9_0'.
09:03:52 INFO  : 'configparams force-mem-access 0' command is executed.
09:03:52 INFO  : ----------------XSDB Script----------------
connect -url tcp:127.0.0.1:3121
targets -set -nocase -filter {name =~"APU*"}
rst -system
after 3000
targets -set -filter {jtag_cable_name =~ "Digilent Zed 210248470662" && level==0 && jtag_device_ctx=="jsn-Zed-210248470662-03727093-0"}
fpga -file C:/Users/91988/Documents/Amruth/Files/EAS/hls_accel/encoder_board_zedtest/encoder_board_zedtest.bit
targets -set -nocase -filter {name =~"APU*"}
loadhw -hw C:/Users/91988/Documents/Amruth/Files/EAS/hls_accel/Vitis_2/encoder_board_zedtest/export/encoder_board_zedtest/hw/encoder_system_wrapper.xsa -mem-ranges [list {0x40000000 0xbfffffff}] -regs
configparams force-mem-access 1
targets -set -nocase -filter {name =~"APU*"}
source C:/Users/91988/Documents/Amruth/Files/EAS/hls_accel/Vitis_2/encoder_board_zedtest_app/_ide/psinit/ps7_init.tcl
ps7_init
ps7_post_config
targets -set -nocase -filter {name =~ "*A9*#0"}
dow C:/Users/91988/Documents/Amruth/Files/EAS/hls_accel/Vitis_2/encoder_board_zedtest_app/Debug/encoder_board_zedtest_app.elf
configparams force-mem-access 0
----------------End of Script----------------

09:03:53 INFO  : Context for processor 'ps7_cortexa9_0' is selected.
09:03:53 INFO  : 'con' command is executed.
09:03:53 INFO  : ----------------XSDB Script (After Launch)----------------
targets -set -nocase -filter {name =~ "*A9*#0"}
con
----------------End of Script----------------

09:03:53 INFO  : Launch script is exported to file 'C:\Users\91988\Documents\Amruth\Files\EAS\hls_accel\Vitis_2\encoder_board_zedtest_app_system\_ide\scripts\systemdebugger_encoder_board_zedtest_app_system_standalone.tcl'
09:06:01 INFO  : Checking for BSP changes to sync application flags for project 'encoder_board_zedtest_app'...
09:06:21 INFO  : Disconnected from the channel tcfchan#7.
09:06:21 INFO  : Connected to target on host '127.0.0.1' and port '3121'.
09:06:22 INFO  : Jtag cable 'Digilent Zed 210248470662' is selected.
09:06:22 INFO  : 'jtag frequency' command is executed.
09:06:22 INFO  : Context for 'APU' is selected.
09:06:22 INFO  : System reset is completed.
09:06:25 INFO  : 'after 3000' command is executed.
09:06:25 INFO  : 'targets -set -filter {jtag_cable_name =~ "Digilent Zed 210248470662" && level==0 && jtag_device_ctx=="jsn-Zed-210248470662-03727093-0"}' command is executed.
09:06:27 INFO  : Device configured successfully with "C:/Users/91988/Documents/Amruth/Files/EAS/hls_accel/encoder_board_zedtest/encoder_board_zedtest.bit"
09:06:27 INFO  : Context for 'APU' is selected.
09:06:27 INFO  : Hardware design and registers information is loaded from 'C:/Users/91988/Documents/Amruth/Files/EAS/hls_accel/Vitis_2/encoder_board_zedtest/export/encoder_board_zedtest/hw/encoder_system_wrapper.xsa'.
09:06:27 INFO  : 'configparams force-mem-access 1' command is executed.
09:06:27 INFO  : Context for 'APU' is selected.
09:06:27 INFO  : Sourcing of 'C:/Users/91988/Documents/Amruth/Files/EAS/hls_accel/Vitis_2/encoder_board_zedtest_app/_ide/psinit/ps7_init.tcl' is done.
09:06:28 INFO  : 'ps7_init' command is executed.
09:06:28 INFO  : 'ps7_post_config' command is executed.
09:06:28 INFO  : Context for processor 'ps7_cortexa9_0' is selected.
09:06:28 INFO  : The application 'C:/Users/91988/Documents/Amruth/Files/EAS/hls_accel/Vitis_2/encoder_board_zedtest_app/Debug/encoder_board_zedtest_app.elf' is downloaded to processor 'ps7_cortexa9_0'.
09:06:28 INFO  : 'configparams force-mem-access 0' command is executed.
09:06:28 INFO  : ----------------XSDB Script----------------
connect -url tcp:127.0.0.1:3121
targets -set -nocase -filter {name =~"APU*"}
rst -system
after 3000
targets -set -filter {jtag_cable_name =~ "Digilent Zed 210248470662" && level==0 && jtag_device_ctx=="jsn-Zed-210248470662-03727093-0"}
fpga -file C:/Users/91988/Documents/Amruth/Files/EAS/hls_accel/encoder_board_zedtest/encoder_board_zedtest.bit
targets -set -nocase -filter {name =~"APU*"}
loadhw -hw C:/Users/91988/Documents/Amruth/Files/EAS/hls_accel/Vitis_2/encoder_board_zedtest/export/encoder_board_zedtest/hw/encoder_system_wrapper.xsa -mem-ranges [list {0x40000000 0xbfffffff}] -regs
configparams force-mem-access 1
targets -set -nocase -filter {name =~"APU*"}
source C:/Users/91988/Documents/Amruth/Files/EAS/hls_accel/Vitis_2/encoder_board_zedtest_app/_ide/psinit/ps7_init.tcl
ps7_init
ps7_post_config
targets -set -nocase -filter {name =~ "*A9*#0"}
dow C:/Users/91988/Documents/Amruth/Files/EAS/hls_accel/Vitis_2/encoder_board_zedtest_app/Debug/encoder_board_zedtest_app.elf
configparams force-mem-access 0
----------------End of Script----------------

09:06:28 INFO  : Context for processor 'ps7_cortexa9_0' is selected.
09:06:28 INFO  : 'con' command is executed.
09:06:28 INFO  : ----------------XSDB Script (After Launch)----------------
targets -set -nocase -filter {name =~ "*A9*#0"}
con
----------------End of Script----------------

09:06:28 INFO  : Launch script is exported to file 'C:\Users\91988\Documents\Amruth\Files\EAS\hls_accel\Vitis_2\encoder_board_zedtest_app_system\_ide\scripts\systemdebugger_encoder_board_zedtest_app_system_standalone.tcl'
09:08:28 INFO  : Checking for BSP changes to sync application flags for project 'encoder_board_zedtest_app'...
09:08:34 INFO  : Disconnected from the channel tcfchan#8.
09:08:34 INFO  : Connected to target on host '127.0.0.1' and port '3121'.
09:08:35 INFO  : Jtag cable 'Digilent Zed 210248470662' is selected.
09:08:35 INFO  : 'jtag frequency' command is executed.
09:08:35 INFO  : Context for 'APU' is selected.
09:08:35 INFO  : System reset is completed.
09:08:38 INFO  : 'after 3000' command is executed.
09:08:38 INFO  : 'targets -set -filter {jtag_cable_name =~ "Digilent Zed 210248470662" && level==0 && jtag_device_ctx=="jsn-Zed-210248470662-03727093-0"}' command is executed.
09:08:40 INFO  : Device configured successfully with "C:/Users/91988/Documents/Amruth/Files/EAS/hls_accel/encoder_board_zedtest/encoder_board_zedtest.bit"
09:08:40 INFO  : Context for 'APU' is selected.
09:08:40 INFO  : Hardware design and registers information is loaded from 'C:/Users/91988/Documents/Amruth/Files/EAS/hls_accel/Vitis_2/encoder_board_zedtest/export/encoder_board_zedtest/hw/encoder_system_wrapper.xsa'.
09:08:40 INFO  : 'configparams force-mem-access 1' command is executed.
09:08:40 INFO  : Context for 'APU' is selected.
09:08:40 INFO  : Sourcing of 'C:/Users/91988/Documents/Amruth/Files/EAS/hls_accel/Vitis_2/encoder_board_zedtest_app/_ide/psinit/ps7_init.tcl' is done.
09:08:41 INFO  : 'ps7_init' command is executed.
09:08:41 INFO  : 'ps7_post_config' command is executed.
09:08:41 INFO  : Context for processor 'ps7_cortexa9_0' is selected.
09:08:41 INFO  : The application 'C:/Users/91988/Documents/Amruth/Files/EAS/hls_accel/Vitis_2/encoder_board_zedtest_app/Debug/encoder_board_zedtest_app.elf' is downloaded to processor 'ps7_cortexa9_0'.
09:08:41 INFO  : 'configparams force-mem-access 0' command is executed.
09:08:41 INFO  : ----------------XSDB Script----------------
connect -url tcp:127.0.0.1:3121
targets -set -nocase -filter {name =~"APU*"}
rst -system
after 3000
targets -set -filter {jtag_cable_name =~ "Digilent Zed 210248470662" && level==0 && jtag_device_ctx=="jsn-Zed-210248470662-03727093-0"}
fpga -file C:/Users/91988/Documents/Amruth/Files/EAS/hls_accel/encoder_board_zedtest/encoder_board_zedtest.bit
targets -set -nocase -filter {name =~"APU*"}
loadhw -hw C:/Users/91988/Documents/Amruth/Files/EAS/hls_accel/Vitis_2/encoder_board_zedtest/export/encoder_board_zedtest/hw/encoder_system_wrapper.xsa -mem-ranges [list {0x40000000 0xbfffffff}] -regs
configparams force-mem-access 1
targets -set -nocase -filter {name =~"APU*"}
source C:/Users/91988/Documents/Amruth/Files/EAS/hls_accel/Vitis_2/encoder_board_zedtest_app/_ide/psinit/ps7_init.tcl
ps7_init
ps7_post_config
targets -set -nocase -filter {name =~ "*A9*#0"}
dow C:/Users/91988/Documents/Amruth/Files/EAS/hls_accel/Vitis_2/encoder_board_zedtest_app/Debug/encoder_board_zedtest_app.elf
configparams force-mem-access 0
----------------End of Script----------------

09:08:41 INFO  : Context for processor 'ps7_cortexa9_0' is selected.
09:08:41 INFO  : 'con' command is executed.
09:08:41 INFO  : ----------------XSDB Script (After Launch)----------------
targets -set -nocase -filter {name =~ "*A9*#0"}
con
----------------End of Script----------------

09:08:41 INFO  : Launch script is exported to file 'C:\Users\91988\Documents\Amruth\Files\EAS\hls_accel\Vitis_2\encoder_board_zedtest_app_system\_ide\scripts\systemdebugger_encoder_board_zedtest_app_system_standalone.tcl'
09:11:38 INFO  : Checking for BSP changes to sync application flags for project 'encoder_board_zedtest_app'...
09:11:44 INFO  : Disconnected from the channel tcfchan#9.
09:11:44 INFO  : Connected to target on host '127.0.0.1' and port '3121'.
09:11:44 INFO  : Jtag cable 'Digilent Zed 210248470662' is selected.
09:11:44 INFO  : 'jtag frequency' command is executed.
09:11:44 INFO  : Context for 'APU' is selected.
09:11:45 INFO  : System reset is completed.
09:11:48 INFO  : 'after 3000' command is executed.
09:11:48 INFO  : 'targets -set -filter {jtag_cable_name =~ "Digilent Zed 210248470662" && level==0 && jtag_device_ctx=="jsn-Zed-210248470662-03727093-0"}' command is executed.
09:11:50 INFO  : Device configured successfully with "C:/Users/91988/Documents/Amruth/Files/EAS/hls_accel/encoder_board_zedtest/encoder_board_zedtest.bit"
09:11:50 INFO  : Context for 'APU' is selected.
09:11:50 INFO  : Hardware design and registers information is loaded from 'C:/Users/91988/Documents/Amruth/Files/EAS/hls_accel/Vitis_2/encoder_board_zedtest/export/encoder_board_zedtest/hw/encoder_system_wrapper.xsa'.
09:11:50 INFO  : 'configparams force-mem-access 1' command is executed.
09:11:50 INFO  : Context for 'APU' is selected.
09:11:50 INFO  : Sourcing of 'C:/Users/91988/Documents/Amruth/Files/EAS/hls_accel/Vitis_2/encoder_board_zedtest_app/_ide/psinit/ps7_init.tcl' is done.
09:11:50 INFO  : 'ps7_init' command is executed.
09:11:50 INFO  : 'ps7_post_config' command is executed.
09:11:50 INFO  : Context for processor 'ps7_cortexa9_0' is selected.
09:11:51 INFO  : The application 'C:/Users/91988/Documents/Amruth/Files/EAS/hls_accel/Vitis_2/encoder_board_zedtest_app/Debug/encoder_board_zedtest_app.elf' is downloaded to processor 'ps7_cortexa9_0'.
09:11:51 INFO  : 'configparams force-mem-access 0' command is executed.
09:11:51 INFO  : ----------------XSDB Script----------------
connect -url tcp:127.0.0.1:3121
targets -set -nocase -filter {name =~"APU*"}
rst -system
after 3000
targets -set -filter {jtag_cable_name =~ "Digilent Zed 210248470662" && level==0 && jtag_device_ctx=="jsn-Zed-210248470662-03727093-0"}
fpga -file C:/Users/91988/Documents/Amruth/Files/EAS/hls_accel/encoder_board_zedtest/encoder_board_zedtest.bit
targets -set -nocase -filter {name =~"APU*"}
loadhw -hw C:/Users/91988/Documents/Amruth/Files/EAS/hls_accel/Vitis_2/encoder_board_zedtest/export/encoder_board_zedtest/hw/encoder_system_wrapper.xsa -mem-ranges [list {0x40000000 0xbfffffff}] -regs
configparams force-mem-access 1
targets -set -nocase -filter {name =~"APU*"}
source C:/Users/91988/Documents/Amruth/Files/EAS/hls_accel/Vitis_2/encoder_board_zedtest_app/_ide/psinit/ps7_init.tcl
ps7_init
ps7_post_config
targets -set -nocase -filter {name =~ "*A9*#0"}
dow C:/Users/91988/Documents/Amruth/Files/EAS/hls_accel/Vitis_2/encoder_board_zedtest_app/Debug/encoder_board_zedtest_app.elf
configparams force-mem-access 0
----------------End of Script----------------

09:11:51 INFO  : Context for processor 'ps7_cortexa9_0' is selected.
09:11:51 INFO  : 'con' command is executed.
09:11:51 INFO  : ----------------XSDB Script (After Launch)----------------
targets -set -nocase -filter {name =~ "*A9*#0"}
con
----------------End of Script----------------

09:11:51 INFO  : Launch script is exported to file 'C:\Users\91988\Documents\Amruth\Files\EAS\hls_accel\Vitis_2\encoder_board_zedtest_app_system\_ide\scripts\systemdebugger_encoder_board_zedtest_app_system_standalone.tcl'
09:48:05 INFO  : Disconnected from the channel tcfchan#10.
